Determining if the pthread_create exist failed with the following output:
Change Dir: /home/tiago/mobile_ws/src/stero_mobile/build/CMakeFiles/CMakeTmp

Run Build Command:"/usr/bin/make" "cmTC_c5c07/fast"
/usr/bin/make -f CMakeFiles/cmTC_c5c07.dir/build.make CMakeFiles/cmTC_c5c07.dir/build
make[1]: Wejście do katalogu '/home/tiago/mobile_ws/src/stero_mobile/build/CMakeFiles/CMakeTmp'
Building C object CMakeFiles/cmTC_c5c07.dir/CheckSymbolExists.c.o
/usr/bin/x86_64-linux-gnu-gcc-7    -o CMakeFiles/cmTC_c5c07.dir/CheckSymbolExists.c.o   -c /home/tiago/mobile_ws/src/stero_mobile/build/CMakeFiles/CMakeTmp/CheckSymbolExists.c
Linking C executable cmTC_c5c07
/usr/bin/cmake -E cmake_link_script CMakeFiles/cmTC_c5c07.dir/link.txt --verbose=1
/usr/bin/x86_64-linux-gnu-gcc-7      -rdynamic CMakeFiles/cmTC_c5c07.dir/CheckSymbolExists.c.o  -o cmTC_c5c07 
CMakeFiles/cmTC_c5c07.dir/CheckSymbolExists.c.o: In function `main':
CheckSymbolExists.c:(.text+0x1b): undefined reference to `pthread_create'
collect2: error: ld returned 1 exit status
CMakeFiles/cmTC_c5c07.dir/build.make:97: recipe for target 'cmTC_c5c07' failed
make[1]: *** [cmTC_c5c07] Error 1
make[1]: Opuszczenie katalogu '/home/tiago/mobile_ws/src/stero_mobile/build/CMakeFiles/CMakeTmp'
Makefile:126: recipe for target 'cmTC_c5c07/fast' failed
make: *** [cmTC_c5c07/fast] Error 2

File /home/tiago/mobile_ws/src/stero_mobile/build/CMakeFiles/CMakeTmp/CheckSymbolExists.c:
/* */
#include <pthread.h>

int main(int argc, char** argv)
{
  (void)argv;
#ifndef pthread_create
  return ((int*)(&pthread_create))[argc];
#else
  (void)argc;
  return 0;
#endif
}

Determining if the function pthread_create exists in the pthreads failed with the following output:
Change Dir: /home/tiago/mobile_ws/src/stero_mobile/build/CMakeFiles/CMakeTmp

Run Build Command:"/usr/bin/make" "cmTC_20d72/fast"
/usr/bin/make -f CMakeFiles/cmTC_20d72.dir/build.make CMakeFiles/cmTC_20d72.dir/build
make[1]: Wejście do katalogu '/home/tiago/mobile_ws/src/stero_mobile/build/CMakeFiles/CMakeTmp'
Building C object CMakeFiles/cmTC_20d72.dir/CheckFunctionExists.c.o
/usr/bin/x86_64-linux-gnu-gcc-7   -DCHECK_FUNCTION_EXISTS=pthread_create   -o CMakeFiles/cmTC_20d72.dir/CheckFunctionExists.c.o   -c /usr/share/cmake-3.10/Modules/CheckFunctionExists.c
Linking C executable cmTC_20d72
/usr/bin/cmake -E cmake_link_script CMakeFiles/cmTC_20d72.dir/link.txt --verbose=1
/usr/bin/x86_64-linux-gnu-gcc-7  -DCHECK_FUNCTION_EXISTS=pthread_create    -rdynamic CMakeFiles/cmTC_20d72.dir/CheckFunctionExists.c.o  -o cmTC_20d72 -lpthreads 
/usr/bin/ld: cannot find -lpthreads
collect2: error: ld returned 1 exit status
CMakeFiles/cmTC_20d72.dir/build.make:97: recipe for target 'cmTC_20d72' failed
make[1]: *** [cmTC_20d72] Error 1
make[1]: Opuszczenie katalogu '/home/tiago/mobile_ws/src/stero_mobile/build/CMakeFiles/CMakeTmp'
Makefile:126: recipe for target 'cmTC_20d72/fast' failed
make: *** [cmTC_20d72/fast] Error 2


